{"C:\\Users\\MIGUEL\\Desktop\\curso_tdd\\node\\inversion-dependencia\\aplica\\src\\class\\EmailNotifier.ts": {"path":"C:\\Users\\MIGUEL\\Desktop\\curso_tdd\\node\\inversion-dependencia\\aplica\\src\\class\\EmailNotifier.ts","statementMap":{"0":{"start":{"line":5,"column":24},"end":{"line":5,"column":104}},"1":{"start":{"line":3,"column":0},"end":{"line":3,"column":13}},"2":{"start":{"line":15,"column":85},"end":{"line":15,"column":37815}},"3":{"start":{"line":15,"column":89},"end":{"line":15,"column":37804}},"4":{"start":{"line":15,"column":37930},"end":{"line":15,"column":37936}},"5":{"start":{"line":15,"column":38051},"end":{"line":15,"column":38057}},"6":{"start":{"line":15,"column":38139},"end":{"line":15,"column":38145}},"7":{"start":{"line":15,"column":38230},"end":{"line":15,"column":38236}}},"fnMap":{"0":{"name":"(anonymous_0)","decl":{"start":{"line":4,"column":2},"end":{"line":4,"column":6}},"loc":{"start":{"line":4,"column":22},"end":{"line":6,"column":3}}},"1":{"name":"oo_cm","decl":{"start":{"line":15,"column":77},"end":{"line":15,"column":82}},"loc":{"start":{"line":15,"column":82},"end":{"line":15,"column":37816}}}},"branchMap":{"0":{"loc":{"start":{"line":15,"column":96},"end":{"line":15,"column":37803}},"type":"binary-expr","locations":[{"start":{"line":15,"column":96},"end":{"line":15,"column":133}},{"start":{"line":15,"column":137},"end":{"line":15,"column":37803}}]}},"s":{"0":1,"1":1,"2":1,"3":1,"4":1,"5":1,"6":1,"7":1},"f":{"0":1,"1":1},"b":{"0":[1,1]}}
,"C:\\Users\\MIGUEL\\Desktop\\curso_tdd\\node\\inversion-dependencia\\aplica\\src\\service\\NotifierService.ts": {"path":"C:\\Users\\MIGUEL\\Desktop\\curso_tdd\\node\\inversion-dependencia\\aplica\\src\\service\\NotifierService.ts","statementMap":{"0":{"start":{"line":7,"column":4},"end":{"line":7,"column":31}},"1":{"start":{"line":11,"column":4},"end":{"line":13,"column":5}},"2":{"start":{"line":12,"column":6},"end":{"line":12,"column":29}},"3":{"start":{"line":3,"column":0},"end":{"line":3,"column":13}}},"fnMap":{"0":{"name":"(anonymous_0)","decl":{"start":{"line":6,"column":2},"end":{"line":6,"column":14}},"loc":{"start":{"line":6,"column":36},"end":{"line":8,"column":3}}},"1":{"name":"(anonymous_1)","decl":{"start":{"line":10,"column":9},"end":{"line":10,"column":15}},"loc":{"start":{"line":10,"column":31},"end":{"line":14,"column":3}}}},"branchMap":{},"s":{"0":2,"1":1,"2":2,"3":1},"f":{"0":2,"1":1},"b":{}}
}
